{"C:\\Users\\Kris\\Desktop\\2DAM\\Project\\SpaceInVRs\\backend\\utils.js": {"path":"C:\\Users\\Kris\\Desktop\\2DAM\\Project\\SpaceInVRs\\backend\\utils.js","statementMap":{"0":{"start":{"line":2,"column":10},"end":{"line":2,"column":33}},"1":{"start":{"line":8,"column":2},"end":{"line":8,"column":25}},"2":{"start":{"line":8,"column":13},"end":{"line":8,"column":25}},"3":{"start":{"line":10,"column":10},"end":{"line":16,"column":3}},"4":{"start":{"line":19,"column":2},"end":{"line":21,"column":5}},"5":{"start":{"line":26,"column":2},"end":{"line":26,"column":25}},"6":{"start":{"line":26,"column":13},"end":{"line":26,"column":25}},"7":{"start":{"line":28,"column":2},"end":{"line":34,"column":4}},"8":{"start":{"line":37,"column":0},"end":{"line":40,"column":1}}},"fnMap":{"0":{"name":"generateToken","decl":{"start":{"line":5,"column":9},"end":{"line":5,"column":22}},"loc":{"start":{"line":5,"column":29},"end":{"line":22,"column":1}},"line":5},"1":{"name":"getCleanUser","decl":{"start":{"line":25,"column":9},"end":{"line":25,"column":21}},"loc":{"start":{"line":25,"column":28},"end":{"line":35,"column":1}},"line":25}},"branchMap":{"0":{"loc":{"start":{"line":8,"column":2},"end":{"line":8,"column":25}},"type":"if","locations":[{"start":{"line":8,"column":2},"end":{"line":8,"column":25}},{"start":{},"end":{}}],"line":8},"1":{"loc":{"start":{"line":26,"column":2},"end":{"line":26,"column":25}},"type":"if","locations":[{"start":{"line":26,"column":2},"end":{"line":26,"column":25}},{"start":{},"end":{}}],"line":26}},"s":{"0":1,"1":2,"2":1,"3":1,"4":1,"5":3,"6":1,"7":2,"8":1},"f":{"0":2,"1":3},"b":{"0":[1,1],"1":[1,2]},"_coverageSchema":"1a1c01bbd47fc00a2c39e90264f33305004495a9","hash":"7bdee6bb70c4a10b24f676a9b13b34b70081db6c"}
}
